#
# There is insufficient memory for the Java Runtime Environment to continue.
# Native memory allocation (malloc) failed to allocate 699056 bytes for Chunk::new
# Possible reasons:
#   The system is out of physical RAM or swap space
#   In 32 bit mode, the process size limit was hit
# Possible solutions:
#   Reduce memory load on the system
#   Increase physical memory or swap space
#   Check if swap backing store is full
#   Use 64 bit Java on a 64 bit OS
#   Decrease Java heap size (-Xmx/-Xms)
#   Decrease number of Java threads
#   Decrease Java thread stack sizes (-Xss)
#   Set larger code cache with -XX:ReservedCodeCacheSize=
# This output file may be truncated or incomplete.
#
#  Out of Memory Error (allocation.cpp:390), pid=4692, tid=0x0000000000000e58
#
# JRE version: Java(TM) SE Runtime Environment (8.0_112-b15) (build 1.8.0_112-b15)
# Java VM: Java HotSpot(TM) 64-Bit Server VM (25.112-b15 mixed mode windows-amd64 compressed oops)
# Failed to write core dump. Minidumps are not enabled by default on client versions of Windows
#

---------------  T H R E A D  ---------------

Current thread (0x00000000183df000):  JavaThread "C2 CompilerThread0" daemon [_thread_in_native, id=3672, stack(0x0000000018bc0000,0x0000000018cc0000)]

Stack: [0x0000000018bc0000,0x0000000018cc0000]
[error occurred during error reporting (printing stack bounds), id 0xc0000005]

Native frames: (J=compiled Java code, j=interpreted, Vv=VM code, C=native code)


Current CompileTask:
C2:  11673 3945   !   4       com.sun.beans.TypeResolver::resolve (274 bytes)


---------------  P R O C E S S  ---------------

Java Threads: ( => current thread )
  0x000000001c206000 JavaThread "Cache worker for Build Output Cleanup Cache (D:\My_Pr\AS\MyGTD\.gradle\buildOutputCleanup)" [_thread_blocked, id=6060, stack(0x0000000023260000,0x0000000023360000)]
  0x000000001c1fc800 JavaThread "Build operations Thread 8" [_thread_blocked, id=1976, stack(0x0000000022b60000,0x0000000022c60000)]
  0x000000001c1fe800 JavaThread "Build operations Thread 7" [_thread_blocked, id=3996, stack(0x0000000022a60000,0x0000000022b60000)]
  0x000000001c1fd000 JavaThread "Build operations Thread 6" [_thread_blocked, id=1616, stack(0x0000000022960000,0x0000000022a60000)]
  0x000000001c1f7000 JavaThread "Build operations Thread 5" [_thread_blocked, id=6372, stack(0x0000000022860000,0x0000000022960000)]
  0x000000001c1fb800 JavaThread "Build operations Thread 4" [_thread_blocked, id=7636, stack(0x0000000022760000,0x0000000022860000)]
  0x000000001c1f8800 JavaThread "Build operations Thread 3" [_thread_blocked, id=8980, stack(0x0000000022660000,0x0000000022760000)]
  0x000000001c1fb000 JavaThread "Build operations Thread 2" [_thread_blocked, id=9944, stack(0x0000000022560000,0x0000000022660000)]
  0x000000001c1fa000 JavaThread "Build operations" [_thread_blocked, id=2496, stack(0x0000000021490000,0x0000000021590000)]
  0x000000001c1f9800 JavaThread "Cache worker for execution history cache (C:\Users\Alexey\.gradle\caches\5.4.1\executionHistory)" [_thread_blocked, id=7020, stack(0x0000000021190000,0x0000000021290000)]
  0x000000001c1fe000 JavaThread "Cache worker for cache directory md-rule (C:\Users\Alexey\.gradle\caches\5.4.1\md-rule)" [_thread_blocked, id=6764, stack(0x0000000020e90000,0x0000000020f90000)]
  0x000000001a52e800 JavaThread "Cache worker for cache directory md-supplier (C:\Users\Alexey\.gradle\caches\5.4.1\md-supplier)" [_thread_blocked, id=6644, stack(0x000000001fd90000,0x000000001fe90000)]
  0x000000001a533000 JavaThread "Cache worker for file hash cache (D:\My_Pr\AS\MyGTD\.gradle\5.4.1\fileHashes)" [_thread_blocked, id=9948, stack(0x000000001e2c0000,0x000000001e3c0000)]
  0x000000001a530000 JavaThread "Cache worker for journal cache (C:\Users\Alexey\.gradle\caches\journal-1)" [_thread_blocked, id=2240, stack(0x000000001be20000,0x000000001bf20000)]
  0x000000001a532800 JavaThread "File lock request listener" [_thread_in_native, id=9540, stack(0x000000001bd20000,0x000000001be20000)]
  0x000000001a531000 JavaThread "Cache worker for file hash cache (C:\Users\Alexey\.gradle\caches\5.4.1\fileHashes)" [_thread_blocked, id=840, stack(0x000000001bc20000,0x000000001bd20000)]
  0x00000000192c4800 JavaThread "Thread-9" [_thread_blocked, id=9240, stack(0x000000001bb20000,0x000000001bc20000)]
  0x0000000018722000 JavaThread "Stdin handler" [_thread_blocked, id=6232, stack(0x000000001ba20000,0x000000001bb20000)]
  0x000000001a404800 JavaThread "Asynchronous log dispatcher for DefaultDaemonConnection: socket connection from /127.0.0.1:57242 to /127.0.0.1:57243" [_thread_blocked, id=4844, stack(0x000000001b920000,0x000000001ba20000)]
  0x000000001a49d800 JavaThread "Daemon worker" [_thread_in_native, id=9232, stack(0x000000001b820000,0x000000001b920000)]
  0x000000001a49d000 JavaThread "Cancel handler" [_thread_blocked, id=7508, stack(0x000000001b720000,0x000000001b820000)]
  0x000000001a3ea000 JavaThread "Handler for socket connection from /127.0.0.1:57242 to /127.0.0.1:57243" [_thread_in_native, id=5012, stack(0x000000001b420000,0x000000001b520000)]
  0x000000001a3df800 JavaThread "Daemon" [_thread_blocked, id=9956, stack(0x000000001b320000,0x000000001b420000)]
  0x000000001a379000 JavaThread "Daemon periodic checks" [_thread_blocked, id=7628, stack(0x000000001b220000,0x000000001b320000)]
  0x000000001a369000 JavaThread "Incoming local TCP Connector on port 57242" [_thread_in_native, id=9472, stack(0x000000001afd0000,0x000000001b0d0000)]
  0x000000001a233000 JavaThread "Daemon health stats" [_thread_blocked, id=2136, stack(0x000000001a990000,0x000000001aa90000)]
  0x000000001847c000 JavaThread "Service Thread" daemon [_thread_blocked, id=4064, stack(0x0000000018fc0000,0x00000000190c0000)]
  0x00000000183f3000 JavaThread "C1 CompilerThread3" daemon [_thread_blocked, id=4672, stack(0x0000000018ec0000,0x0000000018fc0000)]
  0x00000000164ea800 JavaThread "C2 CompilerThread2" daemon [_thread_in_native, id=4568, stack(0x0000000018dc0000,0x0000000018ec0000)]
  0x00000000183e3800 JavaThread "C2 CompilerThread1" daemon [_thread_blocked, id=1636, stack(0x0000000018cc0000,0x0000000018dc0000)]
=>0x00000000183df000 JavaThread "C2 CompilerThread0" daemon [_thread_in_native, id=3672, stack(0x0000000018bc0000,0x0000000018cc0000)]
  0x00000000183dd000 JavaThread "Attach Listener" daemon [_thread_blocked, id=6740, stack(0x0000000018ac0000,0x0000000018bc0000)]
  0x00000000183db800 JavaThread "Signal Dispatcher" daemon [_thread_blocked, id=7792, stack(0x00000000189c0000,0x0000000018ac0000)]
  0x00000000183d0800 JavaThread "Finalizer" daemon [_thread_blocked, id=10068, stack(0x00000000187b0000,0x00000000188b0000)]
  0x0000000002716000 JavaThread "Reference Handler" daemon [_thread_blocked, id=5440, stack(0x00000000182b0000,0x00000000183b0000)]
  0x0000000002620800 JavaThread "main" [_thread_blocked, id=9900, stack(0x0000000002430000,0x0000000002530000)]

Other Threads:
  0x00000000164d9800 VMThread [stack: 0x00000000181b0000,0x00000000182b0000] [id=1576]
  0x00000000184ab000 WatcherThread [stack: 0x00000000190c0000,0x00000000191c0000] [id=1304]

VM state:not at safepoint (normal execution)

VM Mutex/Monitor currently owned by a thread: None

Heap:
 PSYoungGen      total 105472K, used 44226K [0x00000000e0000000, 0x00000000e8e00000, 0x0000000100000000)
  eden space 93696K, 34% used [0x00000000e0000000,0x00000000e1fb7fc0,0x00000000e5b80000)
  from space 11776K, 99% used [0x00000000e5b80000,0x00000000e66f8bb8,0x00000000e6700000)
  to   space 13824K, 0% used [0x00000000e8080000,0x00000000e8080000,0x00000000e8e00000)
 ParOldGen       total 60928K, used 18517K [0x00000000a0000000, 0x00000000a3b80000, 0x00000000e0000000)
  object space 60928K, 30% used [0x00000000a0000000,0x00000000a1215598,0x00000000a3b80000)
 Metaspace       used 46136K, capacity 47236K, committed 47488K, reserved 1089536K
  class space    used 6375K, capacity 6699K, committed 6784K, reserved 1048576K

Card table byte_map: [0x0000000011ae0000,0x0000000011df0000] byte_map_base: 0x00000000115e0000

Marking Bits: (ParMarkBitMap*) 0x000000007291a6d0
 Begin Bits: [0x00000000127f0000, 0x0000000013ff0000)
 End Bits:   [0x0000000013ff0000, 0x00000000157f0000)

Polling page: 0x0000000000c20000

CodeCache: size=245760Kb used=13190Kb max_used=13205Kb free=232569Kb
 bounds [0x0000000002720000, 0x0000000003420000, 0x0000000011720000]
 total_blobs=4577 nmethods=3821 adapters=668
 compilation: enabled

Compilation events (10 events):
Event: 11.611 Thread 0x00000000183f3000 nmethod 4050 0x00000000033faa10 code [0x00000000033fab60, 0x00000000033fac50]
Event: 11.618 Thread 0x00000000183f3000 4051       3       org.gradle.api.internal.collections.IterationOrderRetainingSetElementSource::<init> (17 bytes)
Event: 11.619 Thread 0x00000000183f3000 nmethod 4051 0x0000000003408310 code [0x0000000003408500, 0x0000000003408eb0]
Event: 11.619 Thread 0x00000000183f3000 4052       3       org.gradle.api.internal.collections.IterationOrderRetainingSetElementSource$1::<init> (10 bytes)
Event: 11.619 Thread 0x00000000183f3000 nmethod 4052 0x0000000003404950 code [0x0000000003404aa0, 0x0000000003404c70]
Event: 11.627 Thread 0x00000000183f3000 4053   !   3       java.util.logging.LogManager::ensureLogManagerInitialized (128 bytes)
Event: 11.627 Thread 0x00000000183f3000 nmethod 4053 0x0000000003409550 code [0x0000000003409700, 0x0000000003409d88]
Event: 11.629 Thread 0x00000000183f3000 4054       3       java.net.URL::openConnection (9 bytes)
Event: 11.629 Thread 0x00000000183f3000 nmethod 4054 0x0000000003409f90 code [0x000000000340a100, 0x000000000340a328]
Event: 11.638 Thread 0x00000000183e3800 nmethod 4045 0x000000000340e150 code [0x000000000340e380, 0x000000000340f4a0]

GC Heap History (10 events):
Event: 5.755 GC heap before
{Heap before GC invocations=7 (full 1):
 PSYoungGen      total 71680K, used 66560K [0x00000000e0000000, 0x00000000e4b00000, 0x0000000100000000)
  eden space 66560K, 100% used [0x00000000e0000000,0x00000000e4100000,0x00000000e4100000)
  from space 5120K, 0% used [0x00000000e4100000,0x00000000e4100000,0x00000000e4600000)
  to   space 5120K, 0% used [0x00000000e4600000,0x00000000e4600000,0x00000000e4b00000)
 ParOldGen       total 60928K, used 9425K [0x00000000a0000000, 0x00000000a3b80000, 0x00000000e0000000)
  object space 60928K, 15% used [0x00000000a0000000,0x00000000a0934460,0x00000000a3b80000)
 Metaspace       used 29014K, capacity 29480K, committed 29824K, reserved 1075200K
  class space    used 4028K, capacity 4199K, committed 4224K, reserved 1048576K
Event: 5.762 GC heap after
Heap after GC invocations=7 (full 1):
 PSYoungGen      total 66048K, used 5101K [0x00000000e0000000, 0x00000000e7b00000, 0x0000000100000000)
  eden space 60928K, 0% used [0x00000000e0000000,0x00000000e0000000,0x00000000e3b80000)
  from space 5120K, 99% used [0x00000000e4600000,0x00000000e4afb6e8,0x00000000e4b00000)
  to   space 10752K, 0% used [0x00000000e3b80000,0x00000000e3b80000,0x00000000e4600000)
 ParOldGen       total 60928K, used 12540K [0x00000000a0000000, 0x00000000a3b80000, 0x00000000e0000000)
  object space 60928K, 20% used [0x00000000a0000000,0x00000000a0c3f030,0x00000000a3b80000)
 Metaspace       used 29014K, capacity 29480K, committed 29824K, reserved 1075200K
  class space    used 4028K, capacity 4199K, committed 4224K, reserved 1048576K
}
Event: 6.282 GC heap before
{Heap before GC invocations=8 (full 1):
 PSYoungGen      total 66048K, used 66029K [0x00000000e0000000, 0x00000000e7b00000, 0x0000000100000000)
  eden space 60928K, 100% used [0x00000000e0000000,0x00000000e3b80000,0x00000000e3b80000)
  from space 5120K, 99% used [0x00000000e4600000,0x00000000e4afb6e8,0x00000000e4b00000)
  to   space 10752K, 0% used [0x00000000e3b80000,0x00000000e3b80000,0x00000000e4600000)
 ParOldGen       total 60928K, used 12540K [0x00000000a0000000, 0x00000000a3b80000, 0x00000000e0000000)
  object space 60928K, 20% used [0x00000000a0000000,0x00000000a0c3f030,0x00000000a3b80000)
 Metaspace       used 32185K, capacity 32672K, committed 33024K, reserved 1077248K
  class space    used 4557K, capacity 4751K, committed 4864K, reserved 1048576K
Event: 6.289 GC heap after
Heap after GC invocations=8 (full 1):
 PSYoungGen      total 71680K, used 8529K [0x00000000e0000000, 0x00000000e7300000, 0x0000000100000000)
  eden space 60928K, 0% used [0x00000000e0000000,0x00000000e0000000,0x00000000e3b80000)
  from space 10752K, 79% used [0x00000000e3b80000,0x00000000e43d4720,0x00000000e4600000)
  to   space 11264K, 0% used [0x00000000e6800000,0x00000000e6800000,0x00000000e7300000)
 ParOldGen       total 60928K, used 12548K [0x00000000a0000000, 0x00000000a3b80000, 0x00000000e0000000)
  object space 60928K, 20% used [0x00000000a0000000,0x00000000a0c41030,0x00000000a3b80000)
 Metaspace       used 32185K, capacity 32672K, committed 33024K, reserved 1077248K
  class space    used 4557K, capacity 4751K, committed 4864K, reserved 1048576K
}
Event: 7.590 GC heap before
{Heap before GC invocations=9 (full 1):
 PSYoungGen      total 71680K, used 58561K [0x00000000e0000000, 0x00000000e7300000, 0x0000000100000000)
  eden space 60928K, 82% used [0x00000000e0000000,0x00000000e30dc0a8,0x00000000e3b80000)
  from space 10752K, 79% used [0x00000000e3b80000,0x00000000e43d4720,0x00000000e4600000)
  to   space 11264K, 0% used [0x00000000e6800000,0x00000000e6800000,0x00000000e7300000)
 ParOldGen       total 60928K, used 12548K [0x00000000a0000000, 0x00000000a3b80000, 0x00000000e0000000)
  object space 60928K, 20% used [0x00000000a0000000,0x00000000a0c41030,0x00000000a3b80000)
 Metaspace       used 34613K, capacity 35394K, committed 35416K, reserved 1079296K
  class space    used 4906K, capacity 5102K, committed 5120K, reserved 1048576K
Event: 7.600 GC heap after
Heap after GC invocations=9 (full 1):
 PSYoungGen      total 104448K, used 9961K [0x00000000e0000000, 0x00000000e7280000, 0x0000000100000000)
  eden space 93696K, 0% used [0x00000000e0000000,0x00000000e0000000,0x00000000e5b80000)
  from space 10752K, 92% used [0x00000000e6800000,0x00000000e71ba560,0x00000000e7280000)
  to   space 11776K, 0% used [0x00000000e5b80000,0x00000000e5b80000,0x00000000e6700000)
 ParOldGen       total 60928K, used 12556K [0x00000000a0000000, 0x00000000a3b80000, 0x00000000e0000000)
  object space 60928K, 20% used [0x00000000a0000000,0x00000000a0c43030,0x00000000a3b80000)
 Metaspace       used 34613K, capacity 35394K, committed 35416K, reserved 1079296K
  class space    used 4906K, capacity 5102K, committed 5120K, reserved 1048576K
}
Event: 7.600 GC heap before
{Heap before GC invocations=10 (full 2):
 PSYoungGen      total 104448K, used 9961K [0x00000000e0000000, 0x00000000e7280000, 0x0000000100000000)
  eden space 93696K, 0% used [0x00000000e0000000,0x00000000e0000000,0x00000000e5b80000)
  from space 10752K, 92% used [0x00000000e6800000,0x00000000e71ba560,0x00000000e7280000)
  to   space 11776K, 0% used [0x00000000e5b80000,0x00000000e5b80000,0x00000000e6700000)
 ParOldGen       total 60928K, used 12556K [0x00000000a0000000, 0x00000000a3b80000, 0x00000000e0000000)
  object space 60928K, 20% used [0x00000000a0000000,0x00000000a0c43030,0x00000000a3b80000)
 Metaspace       used 34613K, capacity 35394K, committed 35416K, reserved 1079296K
  class space    used 4906K, capacity 5102K, committed 5120K, reserved 1048576K
Event: 7.658 GC heap after
Heap after GC invocations=10 (full 2):
 PSYoungGen      total 104448K, used 0K [0x00000000e0000000, 0x00000000e7280000, 0x0000000100000000)
  eden space 93696K, 0% used [0x00000000e0000000,0x00000000e0000000,0x00000000e5b80000)
  from space 10752K, 0% used [0x00000000e6800000,0x00000000e6800000,0x00000000e7280000)
  to   space 11776K, 0% used [0x00000000e5b80000,0x00000000e5b80000,0x00000000e6700000)
 ParOldGen       total 60928K, used 16426K [0x00000000a0000000, 0x00000000a3b80000, 0x00000000e0000000)
  object space 60928K, 26% used [0x00000000a0000000,0x00000000a100aaa0,0x00000000a3b80000)
 Metaspace       used 34590K, capacity 35316K, committed 35416K, reserved 1079296K
  class space    used 4899K, capacity 5089K, committed 5120K, reserved 1048576K
}
Event: 10.878 GC heap before
{Heap before GC invocations=11 (full 2):
 PSYoungGen      total 104448K, used 93696K [0x00000000e0000000, 0x00000000e7280000, 0x0000000100000000)
  eden space 93696K, 100% used [0x00000000e0000000,0x00000000e5b80000,0x00000000e5b80000)
  from space 10752K, 0% used [0x00000000e6800000,0x00000000e6800000,0x00000000e7280000)
  to   space 11776K, 0% used [0x00000000e5b80000,0x00000000e5b80000,0x00000000e6700000)
 ParOldGen       total 60928K, used 16426K [0x00000000a0000000, 0x00000000a3b80000, 0x00000000e0000000)
  object space 60928K, 26% used [0x00000000a0000000,0x00000000a100aaa0,0x00000000a3b80000)
 Metaspace       used 44805K, capacity 45686K, committed 45952K, reserved 1089536K
  class space    used 6179K, capacity 6453K, committed 6528K, reserved 1048576K
Event: 10.887 GC heap after
Heap after GC invocations=11 (full 2):
 PSYoungGen      total 105472K, used 11746K [0x00000000e0000000, 0x00000000e8e00000, 0x0000000100000000)
  eden space 93696K, 0% used [0x00000000e0000000,0x00000000e0000000,0x00000000e5b80000)
  from space 11776K, 99% used [0x00000000e5b80000,0x00000000e66f8bb8,0x00000000e6700000)
  to   space 13824K, 0% used [0x00000000e8080000,0x00000000e8080000,0x00000000e8e00000)
 ParOldGen       total 60928K, used 18517K [0x00000000a0000000, 0x00000000a3b80000, 0x00000000e0000000)
  object space 60928K, 30% used [0x00000000a0000000,0x00000000a1215598,0x00000000a3b80000)
 Metaspace       used 44805K, capacity 45686K, committed 45952K, reserved 1089536K
  class space    used 6179K, capacity 6453K, committed 6528K, reserved 1048576K
}

Deoptimization events (10 events):
Event: 9.948 Thread 0x000000001a49d800 Uncommon trap: reason=unstable_if action=reinterpret pc=0x0000000003000de0 method=java.util.HashMap.putVal(ILjava/lang/Object;Ljava/lang/Object;ZZ)Ljava/lang/Object; @ 236
Event: 10.010 Thread 0x000000001a49d800 Uncommon trap: reason=unstable_if action=reinterpret pc=0x0000000002bb16bc method=java.lang.CharacterDataLatin1.isWhitespace(I)Z @ 14
Event: 10.112 Thread 0x000000001a49d800 Uncommon trap: reason=unstable_if action=reinterpret pc=0x000000000309ab50 method=java.util.jar.JarFile.getInputStream(Ljava/util/zip/ZipEntry;)Ljava/io/InputStream; @ 37
Event: 10.136 Thread 0x000000001a49d800 Uncommon trap: reason=unstable_if action=reinterpret pc=0x0000000002a04090 method=java.util.jar.JarFile$JarFileEntry.getCodeSigners()[Ljava/security/CodeSigner; @ 24
Event: 10.136 Thread 0x000000001a49d800 Uncommon trap: reason=unstable_if action=reinterpret pc=0x0000000002c496f0 method=java.security.CodeSource.<init>(Ljava/net/URL;[Ljava/security/CodeSigner;)V @ 25
Event: 10.158 Thread 0x000000001a49d800 Uncommon trap: reason=unstable_if action=reinterpret pc=0x0000000002c17b2c method=java.security.CodeSource.getCertificates()[Ljava/security/cert/Certificate; @ 22
Event: 10.159 Thread 0x000000001a49d800 Uncommon trap: reason=unstable_if action=reinterpret pc=0x0000000003129af8 method=java.security.CodeSource.matchCerts(Ljava/security/CodeSource;Z)Z @ 11
Event: 10.174 Thread 0x000000001a49d800 Uncommon trap: reason=unstable_if action=reinterpret pc=0x000000000316787c method=java.util.LinkedHashMap.get(Ljava/lang/Object;)Ljava/lang/Object; @ 20
Event: 10.266 Thread 0x000000001a49d800 Uncommon trap: reason=unstable_if action=reinterpret pc=0x0000000002f8f768 method=org.objectweb.asm.ByteVector.putUTF8(Ljava/lang/String;)Lorg/objectweb/asm/ByteVector; @ 93
Event: 10.953 Thread 0x000000001a49d800 Uncommon trap: reason=unstable_if action=reinterpret pc=0x0000000002f81c50 method=org.gradle.internal.reflect.PropertyAccessorType.of(Ljava/lang/reflect/Method;)Lorg/gradle/internal/reflect/PropertyAccessorType; @ 56

Internal exceptions (10 events):
Event: 11.415 Thread 0x000000001a49d800 Exception <a 'java/security/PrivilegedActionException'> (0x00000000e1864558) thrown at [C:\re\workspace\8-2-build-windows-amd64-cygwin\jdk8u112\7884\hotspot\src\share\vm\prims\jvm.cpp, line 1390]
Event: 11.415 Thread 0x000000001a49d800 Exception <a 'java/security/PrivilegedActionException'> (0x00000000e18652d8) thrown at [C:\re\workspace\8-2-build-windows-amd64-cygwin\jdk8u112\7884\hotspot\src\share\vm\prims\jvm.cpp, line 1390]
Event: 11.416 Thread 0x000000001a49d800 Exception <a 'java/lang/ClassNotFoundException': org/codehaus/groovy/runtime/GStringImplBeanInfo> (0x00000000e1878f38) thrown at [C:\re\workspace\8-2-build-windows-amd64-cygwin\jdk8u112\7884\hotspot\src\share\vm\classfile\systemDictionary.cpp, line 210]
Event: 11.416 Thread 0x000000001a49d800 Exception <a 'java/security/PrivilegedActionException'> (0x00000000e1881788) thrown at [C:\re\workspace\8-2-build-windows-amd64-cygwin\jdk8u112\7884\hotspot\src\share\vm\prims\jvm.cpp, line 1390]
Event: 11.416 Thread 0x000000001a49d800 Exception <a 'java/security/PrivilegedActionException'> (0x00000000e1882508) thrown at [C:\re\workspace\8-2-build-windows-amd64-cygwin\jdk8u112\7884\hotspot\src\share\vm\prims\jvm.cpp, line 1390]
Event: 11.416 Thread 0x000000001a49d800 Exception <a 'java/security/PrivilegedActionException'> (0x00000000e18902d0) thrown at [C:\re\workspace\8-2-build-windows-amd64-cygwin\jdk8u112\7884\hotspot\src\share\vm\prims\jvm.cpp, line 1390]
Event: 11.416 Thread 0x000000001a49d800 Exception <a 'java/security/PrivilegedActionException'> (0x00000000e1891050) thrown at [C:\re\workspace\8-2-build-windows-amd64-cygwin\jdk8u112\7884\hotspot\src\share\vm\prims\jvm.cpp, line 1390]
Event: 11.416 Thread 0x000000001a49d800 Exception <a 'java/security/PrivilegedActionException'> (0x00000000e189d300) thrown at [C:\re\workspace\8-2-build-windows-amd64-cygwin\jdk8u112\7884\hotspot\src\share\vm\prims\jvm.cpp, line 1390]
Event: 11.416 Thread 0x000000001a49d800 Exception <a 'java/security/PrivilegedActionException'> (0x00000000e189e080) thrown at [C:\re\workspace\8-2-build-windows-amd64-cygwin\jdk8u112\7884\hotspot\src\share\vm\prims\jvm.cpp, line 1390]
Event: 11.417 Thread 0x000000001a49d800 Exception <a 'java/lang/ClassNotFoundException': org/codehaus/groovy/runtime/GStringImplCustomizer> (0x00000000e18b2058) thrown at [C:\re\workspace\8-2-build-windows-amd64-cygwin\jdk8u112\7884\hotspot\src\share\vm\classfile\systemDictionary.cpp, line 210]

Events (10 events):
Event: 11.627 loading class com/android/support/AndroidxNameUtils$1 done
Event: 11.627 loading class com/android/support/AndroidxMigrationParserKt
Event: 11.627 loading class com/android/support/AndroidxMigrationParserKt done
Event: 11.629 loading class com/android/utils/XmlUtils
Event: 11.629 loading class com/android/utils/XmlUtils done
Event: 11.632 loading class javax/xml/parsers/ParserConfigurationException
Event: 11.633 loading class javax/xml/parsers/ParserConfigurationException done
Event: 11.633 loading class org/xml/sax/InputSource
Event: 11.650 loading class org/xml/sax/InputSource done
Event: 11.650 loading class javax/xml/parsers/DocumentBuilderFactory


Dynamic libraries:
0x00007ff7d86c0000 - 0x00007ff7d86f7000 	C:\Program Files\Java\jdk\bin\java.exe
0x00007ffb0a160000 - 0x00007ffb0a350000 	C:\WINDOWS\SYSTEM32\ntdll.dll
0x00007ffb09d90000 - 0x00007ffb09e42000 	C:\WINDOWS\System32\KERNEL32.DLL
0x00007ffb07f70000 - 0x00007ffb08213000 	C:\WINDOWS\System32\KERNELBASE.dll
0x00007ffb09fd0000 - 0x00007ffb0a073000 	C:\WINDOWS\System32\ADVAPI32.dll
0x00007ffb08ad0000 - 0x00007ffb08b6e000 	C:\WINDOWS\System32\msvcrt.dll
0x00007ffb0a080000 - 0x00007ffb0a117000 	C:\WINDOWS\System32\sechost.dll
0x00007ffb094a0000 - 0x00007ffb095c0000 	C:\WINDOWS\System32\RPCRT4.dll
0x00007ffb08b70000 - 0x00007ffb08d03000 	C:\WINDOWS\System32\USER32.dll
0x00007ffb07bc0000 - 0x00007ffb07be1000 	C:\WINDOWS\System32\win32u.dll
0x00007ffb09e50000 - 0x00007ffb09e76000 	C:\WINDOWS\System32\GDI32.dll
0x00007ffb07dd0000 - 0x00007ffb07f64000 	C:\WINDOWS\System32\gdi32full.dll
0x00007ffb070f0000 - 0x00007ffb0718e000 	C:\WINDOWS\System32\msvcp_win.dll
0x00007ffb07bf0000 - 0x00007ffb07cea000 	C:\WINDOWS\System32\ucrtbase.dll
0x00007ffaf3310000 - 0x00007ffaf3595000 	C:\WINDOWS\WinSxS\amd64_microsoft.windows.common-controls_6595b64144ccf1df_6.0.18362.175_none_e6c3ab1f131014c9\COMCTL32.dll
0x00007ffb090b0000 - 0x00007ffb093e6000 	C:\WINDOWS\System32\combase.dll
0x00007ffb07cf0000 - 0x00007ffb07d71000 	C:\WINDOWS\System32\bcryptPrimitives.dll
0x00007ffb09470000 - 0x00007ffb0949e000 	C:\WINDOWS\System32\IMM32.DLL
0x00000000729a0000 - 0x0000000072a72000 	C:\Program Files\Java\jdk\jre\bin\msvcr100.dll
0x0000000072100000 - 0x000000007299a000 	C:\Program Files\Java\jdk\jre\bin\server\jvm.dll
0x00007ffb09e80000 - 0x00007ffb09e88000 	C:\WINDOWS\System32\PSAPI.DLL
0x00007ffafe0f0000 - 0x00007ffafe0fa000 	C:\WINDOWS\SYSTEM32\VERSION.dll
0x00007ffae7600000 - 0x00007ffae7609000 	C:\WINDOWS\SYSTEM32\WSOCK32.dll
0x00007ffb052c0000 - 0x00007ffb052e4000 	C:\WINDOWS\SYSTEM32\WINMM.dll
0x00007ffb08d90000 - 0x00007ffb08dff000 	C:\WINDOWS\System32\WS2_32.dll
0x00007ffb05290000 - 0x00007ffb052bd000 	C:\WINDOWS\SYSTEM32\WINMMBASE.dll
0x00007ffb07d80000 - 0x00007ffb07dca000 	C:\WINDOWS\System32\cfgmgr32.dll
0x00000000720f0000 - 0x00000000720ff000 	C:\Program Files\Java\jdk\jre\bin\verify.dll
0x00000000720c0000 - 0x00000000720e9000 	C:\Program Files\Java\jdk\jre\bin\java.dll
0x00000000720a0000 - 0x00000000720b6000 	C:\Program Files\Java\jdk\jre\bin\zip.dll
0x00007ffb08380000 - 0x00007ffb08a60000 	C:\WINDOWS\System32\SHELL32.dll
0x00007ffb096c0000 - 0x00007ffb09769000 	C:\WINDOWS\System32\shcore.dll
0x00007ffb07390000 - 0x00007ffb07b0b000 	C:\WINDOWS\System32\windows.storage.dll
0x00007ffb07080000 - 0x00007ffb0709f000 	C:\WINDOWS\System32\profapi.dll
0x00007ffb070a0000 - 0x00007ffb070ea000 	C:\WINDOWS\System32\powrprof.dll
0x00007ffb07030000 - 0x00007ffb07040000 	C:\WINDOWS\System32\UMPDC.dll
0x00007ffb093f0000 - 0x00007ffb09442000 	C:\WINDOWS\System32\shlwapi.dll
0x00007ffb07060000 - 0x00007ffb07071000 	C:\WINDOWS\System32\kernel.appcore.dll
0x00007ffb071c0000 - 0x00007ffb071d7000 	C:\WINDOWS\System32\cryptsp.dll
0x0000000072080000 - 0x000000007209a000 	C:\Program Files\Java\jdk\jre\bin\net.dll
0x00007ffb06840000 - 0x00007ffb068a7000 	C:\WINDOWS\system32\mswsock.dll
0x0000000072060000 - 0x0000000072071000 	C:\Program Files\Java\jdk\jre\bin\nio.dll
0x00007ffae03c0000 - 0x00007ffae03e6000 	C:\Users\Alexey\.gradle\native\29\windows-amd64\native-platform.dll
0x0000000072050000 - 0x000000007205d000 	C:\Program Files\Java\jdk\jre\bin\management.dll
0x00007ffb06400000 - 0x00007ffb06433000 	C:\WINDOWS\system32\rsaenh.dll
0x00007ffb07190000 - 0x00007ffb071b6000 	C:\WINDOWS\System32\bcrypt.dll
0x00007ffb06f20000 - 0x00007ffb06f45000 	C:\WINDOWS\SYSTEM32\USERENV.dll
0x00007ffb06a10000 - 0x00007ffb06a1c000 	C:\WINDOWS\SYSTEM32\CRYPTBASE.dll
0x00007ffb065a0000 - 0x00007ffb065da000 	C:\WINDOWS\SYSTEM32\IPHLPAPI.DLL
0x00007ffb08ac0000 - 0x00007ffb08ac8000 	C:\WINDOWS\System32\NSI.dll
0x00007ffb005c0000 - 0x00007ffb005d6000 	C:\WINDOWS\SYSTEM32\dhcpcsvc6.DLL
0x00007ffb005a0000 - 0x00007ffb005bc000 	C:\WINDOWS\SYSTEM32\dhcpcsvc.DLL
0x00007ffb065e0000 - 0x00007ffb066aa000 	C:\WINDOWS\SYSTEM32\DNSAPI.dll

VM Arguments:
jvm_args: -Xmx1536m -Dfile.encoding=windows-1251 -Duser.country=RU -Duser.language=ru -Duser.variant 
java_command: org.gradle.launcher.daemon.bootstrap.GradleDaemon 5.4.1
java_class_path (initial): C:\Gradle50\lib\gradle-launcher-5.4.1.jar
Launcher Type: SUN_STANDARD

Environment Variables:
JAVA_HOME=C:\Program Files\Java\jdk
PATH=C:\Program Files (x86)\Common Files\Oracle\Java\javapath;C:\WINDOWS\system32;C:\WINDOWS;C:\WINDOWS\System32\Wbem;C:\WINDOWS\System32\WindowsPowerShell\v1.0\;C:\WINDOWS\System32\OpenSSH\;C:\Users\Alexey\AppData\Local\Microsoft\WindowsApps;
USERNAME=Alexey
OS=Windows_NT
PROCESSOR_IDENTIFIER=Intel64 Family 6 Model 60 Stepping 3, GenuineIntel



---------------  S Y S T E M  ---------------

OS: Windows 10.0 , 64 bit Build 18362 (10.0.18362.86)

CPU:total 8 (4 cores per cpu, 2 threads per core) family 6 model 60 stepping 3, cmov, cx8, fxsr, mmx, sse, sse2, sse3, ssse3, sse4.1, sse4.2, popcnt, avx, avx2, aes, clmul, erms, lzcnt, ht, tsc, tscinvbit, bmi1, bmi2

Memory: 4k page, physical 8270924k(1023636k free), swap 9090124k(3288k free)

vm_info: Java HotSpot(TM) 64-Bit Server VM (25.112-b15) for windows-amd64 JRE (1.8.0_112-b15), built on Sep 22 2016 21:31:56 by "java_re" with MS VC++ 10.0 (VS2010)

time: Wed Jun 12 19:41:47 2019
elapsed time: 11 seconds (0d 0h 0m 11s)

